TN:
SF:src/App.jsx
FN:1,(empty-report)
FNF:1
FNH:0
FNDA:0,(empty-report)
DA:1,0
DA:7,0
DA:8,0
DA:9,0
DA:11,0
DA:12,0
DA:13,0
DA:14,0
DA:15,0
DA:16,0
DA:17,0
DA:19,0
DA:20,0
DA:21,0
DA:22,0
DA:23,0
DA:24,0
DA:26,0
DA:28,0
DA:29,0
DA:30,0
DA:31,0
DA:32,0
DA:33,0
DA:35,0
DA:37,0
DA:38,0
DA:39,0
DA:40,0
DA:41,0
DA:42,0
DA:43,0
DA:45,0
LF:33
LH:0
BRDA:1,0,0,0
BRF:1
BRH:0
end_of_record
TN:
SF:src/api/client.js
FN:3,request
FN:9,fetchDailyPuzzles
FN:13,fetchAllPuzzles
FNF:3
FNH:3
FNDA:4,request
FNDA:2,fetchDailyPuzzles
FNDA:2,fetchAllPuzzles
DA:1,1
DA:3,4
DA:4,4
DA:5,4
DA:6,2
DA:7,2
DA:9,1
DA:10,2
DA:11,2
DA:13,1
DA:14,2
DA:15,2
LF:12
LH:12
BRDA:3,0,0,4
BRDA:5,1,0,2
BRDA:9,2,0,2
BRDA:13,3,0,2
BRF:4
BRH:4
end_of_record
TN:
SF:src/components/DifficultyBadge.jsx
FN:4,DifficultyBadge
FNF:1
FNH:1
FNDA:5,DifficultyBadge
DA:1,1
DA:4,1
DA:5,5
DA:6,5
DA:7,5
DA:8,5
DA:9,5
DA:11,5
LF:8
LH:8
BRDA:4,0,0,5
BRF:1
BRH:1
end_of_record
TN:
SF:src/components/HintDots.jsx
FN:3,HintDots
FNF:1
FNH:1
FNDA:11,HintDots
DA:1,1
DA:3,1
DA:4,11
DA:5,11
DA:6,11
DA:7,46
DA:8,11
DA:9,11
DA:11,11
LF:9
LH:9
BRDA:3,0,0,11
BRDA:6,1,0,46
BRDA:7,2,0,11
BRDA:7,3,0,35
BRF:4
BRH:4
end_of_record
TN:
SF:src/components/HintPanel.jsx
FN:6,HintPanel
FNF:1
FNH:1
FNDA:10,HintPanel
DA:1,1
DA:4,1
DA:6,1
DA:7,10
DA:8,10
DA:9,10
DA:10,5
DA:11,5
DA:12,12
DA:13,12
DA:14,12
DA:15,12
DA:16,5
DA:17,5
DA:20,10
DA:21,8
DA:22,8
DA:23,6
DA:24,6
DA:25,6
DA:26,6
DA:27,6
DA:28,6
DA:29,6
DA:31,2
DA:33,8
DA:35,10
DA:37,10
LF:28
LH:28
BRDA:6,0,0,10
BRDA:9,1,0,5
BRDA:20,2,0,9
BRDA:20,3,0,8
BRDA:22,4,0,6
BRDA:25,5,0,3
BRDA:25,6,0,3
BRDA:29,7,0,2
BRDA:11,8,0,12
BRF:9
BRH:9
end_of_record
TN:
SF:src/components/PointsBar.jsx
FN:4,PointsBar
FNF:1
FNH:1
FNDA:6,PointsBar
DA:1,1
DA:4,1
DA:5,6
DA:6,6
DA:8,6
DA:9,6
DA:10,6
DA:11,6
DA:12,6
DA:13,6
DA:14,6
DA:15,6
DA:16,6
DA:17,6
DA:19,6
LF:15
LH:15
BRDA:4,0,0,6
BRDA:6,1,0,3
BRDA:6,2,0,3
BRDA:6,3,0,1
BRDA:6,4,0,2
BRF:5
BRH:5
end_of_record
TN:
SF:src/components/ShareButton.jsx
FN:4,ShareButton
FN:7,handleShare
FNF:2
FNH:2
FNDA:15,ShareButton
FNDA:3,handleShare
DA:1,1
DA:4,1
DA:5,15
DA:7,15
DA:8,3
DA:9,3
DA:10,3
DA:12,1
DA:13,1
DA:14,3
DA:15,3
DA:16,3
DA:18,15
DA:19,15
DA:20,15
DA:21,15
DA:23,15
LF:17
LH:17
BRDA:4,0,0,15
BRDA:19,1,0,3
BRDA:19,2,0,12
BRDA:20,3,0,3
BRDA:20,4,0,12
BRDA:7,5,0,3
BRDA:9,6,0,2
BRDA:10,7,0,1
BRF:8
BRH:8
end_of_record
TN:
SF:src/components/WordTiles.jsx
FN:3,WordTiles
FNF:1
FNH:1
FNDA:9,WordTiles
DA:1,1
DA:3,1
DA:4,9
DA:6,9
DA:7,9
DA:8,9
DA:9,72
DA:10,72
DA:12,72
DA:13,72
DA:14,36
DA:15,36
DA:16,16
DA:17,36
DA:18,12
DA:19,20
DA:20,8
DA:21,8
DA:23,72
DA:24,72
DA:25,72
DA:26,72
DA:28,9
DA:29,9
DA:31,9
LF:25
LH:25
BRDA:3,0,0,9
BRDA:8,1,0,72
BRDA:9,2,0,54
BRDA:10,3,0,48
BRDA:13,4,0,36
BRDA:15,5,0,16
BRDA:17,6,0,20
BRDA:17,7,0,12
BRDA:18,8,0,4
BRDA:18,9,0,8
BRDA:19,10,0,8
BRDA:25,11,0,36
BRDA:25,12,0,16
BRDA:25,13,0,56
BRF:14
BRH:14
end_of_record
TN:
SF:src/data/puzzles.js
FNF:0
FNH:0
DA:1,1
DA:2,1
DA:3,1
DA:4,1
DA:5,1
DA:6,1
DA:7,1
DA:8,1
DA:9,1
DA:10,1
DA:11,1
DA:12,1
DA:13,1
DA:14,1
DA:15,1
DA:16,1
DA:17,1
DA:18,1
DA:19,1
DA:20,1
DA:21,1
DA:22,1
DA:23,1
DA:24,1
DA:25,1
DA:26,1
DA:27,1
DA:28,1
DA:29,1
DA:30,1
DA:31,1
DA:32,1
DA:33,1
DA:34,1
DA:35,1
DA:36,1
DA:37,1
DA:38,1
DA:39,1
DA:40,1
DA:41,1
DA:42,1
DA:43,1
DA:44,1
DA:45,1
DA:46,1
DA:47,1
LF:47
LH:47
BRF:0
BRH:0
end_of_record
TN:
SF:src/hooks/useGameState.js
FN:7,shuffled
FN:11,useGameState
FN:108,resetPuzzle
FN:119,resetSession
FNF:4
FNH:4
FNDA:1,shuffled
FNDA:125,useGameState
FNDA:18,resetPuzzle
FNDA:17,resetSession
DA:1,1
DA:7,1
DA:8,1
DA:9,1
DA:11,1
DA:12,125
DA:14,125
DA:15,125
DA:16,125
DA:17,125
DA:19,125
DA:20,125
DA:21,125
DA:22,125
DA:23,125
DA:24,125
DA:25,125
DA:26,125
DA:27,125
DA:29,125
DA:30,125
DA:31,125
DA:33,125
DA:34,125
DA:36,125
DA:37,125
DA:39,125
DA:40,125
DA:41,125
DA:43,125
DA:44,125
DA:45,19
DA:46,18
DA:48,18
DA:49,18
DA:50,18
DA:52,19
DA:54,19
DA:55,19
DA:56,17
DA:57,17
DA:58,17
DA:59,19
DA:60,19
DA:61,1
DA:62,1
DA:63,1
DA:64,1
DA:65,1
DA:66,1
DA:67,19
DA:68,19
DA:70,19
DA:71,125
DA:73,125
DA:74,125
DA:75,37
DA:76,17
DA:78,17
DA:79,17
DA:80,17
DA:81,17
DA:82,17
DA:83,37
DA:84,37
DA:85,37
DA:86,37
DA:87,37
DA:88,37
DA:89,0
DA:90,0
DA:91,0
DA:92,0
DA:93,0
DA:94,0
DA:95,125
DA:97,125
DA:98,125
DA:99,61
DA:100,42
DA:101,42
DA:102,42
DA:103,42
DA:104,42
DA:105,125
DA:107,125
DA:108,125
DA:109,18
DA:110,18
DA:111,18
DA:112,18
DA:113,18
DA:114,18
DA:115,18
DA:116,18
DA:117,18
DA:119,125
DA:120,17
DA:121,17
DA:122,17
DA:123,17
DA:124,17
DA:125,17
DA:127,125
DA:128,125
DA:129,16
DA:130,14
DA:131,14
DA:132,125
DA:134,125
DA:135,10
DA:136,9
DA:137,10
DA:139,10
DA:141,10
DA:142,6
DA:143,6
DA:144,6
DA:145,6
DA:146,6
DA:147,6
DA:148,6
DA:149,10
DA:150,2
DA:151,2
DA:152,2
DA:153,2
DA:154,8
DA:155,125
DA:157,125
DA:158,2
DA:159,2
DA:160,2
DA:161,2
DA:162,125
DA:164,125
DA:165,1
DA:166,1
DA:167,1
DA:168,1
DA:169,0
DA:170,0
DA:171,0
DA:172,0
DA:173,1
DA:174,125
DA:176,125
DA:178,125
DA:179,125
DA:180,125
DA:181,125
DA:182,125
DA:183,125
DA:184,125
DA:185,125
DA:186,125
DA:187,125
DA:188,125
DA:189,125
DA:190,125
DA:191,125
DA:192,125
DA:193,125
DA:194,125
DA:195,125
DA:196,125
DA:197,125
DA:198,125
DA:199,125
DA:200,125
DA:201,125
DA:202,125
DA:203,125
DA:204,125
DA:205,125
DA:206,125
DA:207,125
DA:208,125
DA:209,125
LF:179
LH:169
BRDA:7,0,0,1
BRDA:8,1,0,3
BRDA:11,2,0,125
BRDA:39,3,0,37
BRDA:41,4,0,120
BRDA:41,5,0,5
BRDA:176,6,0,72
BRDA:176,7,0,53
BRDA:176,8,0,0
BRDA:44,9,0,19
BRDA:45,10,0,1
BRDA:45,11,0,18
BRDA:52,12,0,17
BRDA:52,13,0,1
BRDA:55,14,0,17
BRDA:56,15,0,0
BRDA:57,16,0,1
BRDA:57,17,0,16
BRDA:60,18,0,1
BRDA:61,19,0,0
BRDA:64,20,0,0
BRDA:68,21,0,18
BRDA:70,22,0,18
BRDA:74,23,0,37
BRDA:75,24,0,34
BRDA:75,25,0,17
BRDA:75,26,0,20
BRDA:75,27,0,17
BRDA:82,28,0,0
BRDA:84,29,0,0
BRDA:85,30,0,0
BRDA:86,31,0,0
BRDA:88,32,0,0
BRDA:98,33,0,61
BRDA:99,34,0,59
BRDA:99,35,0,19
BRDA:99,36,0,42
BRDA:108,37,0,18
BRDA:119,38,0,17
BRDA:128,39,0,16
BRDA:129,40,0,14
BRDA:129,41,0,14
BRDA:129,42,0,2
BRDA:129,43,0,14
BRDA:130,44,0,14
BRDA:131,45,0,14
BRDA:134,46,0,10
BRDA:135,47,0,9
BRDA:135,48,0,1
BRDA:135,49,0,9
BRDA:137,50,0,1
BRDA:137,51,0,8
BRDA:139,52,0,0
BRDA:141,53,0,6
BRDA:149,54,0,2
BRDA:153,55,0,8
BRDA:145,56,0,6
BRDA:146,57,0,6
BRDA:147,58,0,6
BRDA:150,59,0,2
BRDA:157,60,0,2
BRDA:158,61,0,0
BRDA:161,62,0,2
BRDA:164,63,0,1
BRDA:168,64,0,0
BRDA:166,65,0,1
BRF:66
BRH:54
end_of_record
TN:
SF:src/screens/GameScreen.jsx
FN:1,(empty-report)
FNF:1
FNH:0
FNDA:0,(empty-report)
DA:1,0
DA:9,0
DA:10,0
DA:11,0
DA:13,0
DA:14,0
DA:15,0
DA:16,0
DA:17,0
DA:18,0
DA:19,0
DA:20,0
DA:21,0
DA:22,0
DA:25,0
DA:26,0
DA:27,0
DA:28,0
DA:29,0
DA:32,0
DA:33,0
DA:35,0
DA:36,0
DA:37,0
DA:38,0
DA:40,0
DA:41,0
DA:43,0
DA:44,0
DA:46,0
DA:47,0
DA:48,0
DA:50,0
DA:51,0
DA:52,0
DA:53,0
DA:54,0
DA:55,0
DA:56,0
DA:57,0
DA:58,0
DA:59,0
DA:61,0
DA:62,0
DA:64,0
DA:65,0
DA:66,0
DA:67,0
DA:68,0
DA:70,0
DA:71,0
DA:72,0
DA:73,0
DA:74,0
DA:75,0
DA:76,0
DA:77,0
DA:78,0
DA:79,0
DA:81,0
DA:82,0
DA:83,0
DA:85,0
DA:86,0
DA:87,0
DA:88,0
DA:89,0
DA:90,0
DA:91,0
DA:92,0
DA:94,0
DA:95,0
DA:98,0
DA:99,0
DA:100,0
DA:101,0
DA:102,0
DA:103,0
DA:106,0
DA:107,0
DA:108,0
DA:109,0
DA:110,0
DA:111,0
DA:112,0
DA:113,0
DA:114,0
DA:115,0
DA:116,0
DA:117,0
DA:119,0
DA:120,0
DA:121,0
DA:122,0
DA:123,0
DA:125,0
DA:126,0
DA:127,0
DA:128,0
DA:129,0
DA:132,0
DA:133,0
DA:135,0
DA:136,0
DA:138,0
LF:105
LH:0
BRDA:1,0,0,0
BRF:1
BRH:0
end_of_record
TN:
SF:src/screens/MenuScreen.jsx
FN:5,MenuScreen
FNF:1
FNH:1
FNDA:6,MenuScreen
DA:1,1
DA:3,1
DA:5,1
DA:6,6
DA:7,6
DA:8,6
DA:9,6
DA:11,6
DA:12,6
DA:13,6
DA:14,6
DA:15,6
DA:17,6
DA:18,6
DA:20,6
DA:21,6
DA:23,6
DA:24,6
DA:26,6
DA:27,6
DA:28,6
DA:29,6
DA:30,6
DA:31,6
DA:32,6
DA:33,6
DA:34,6
DA:35,6
DA:36,6
DA:37,24
DA:38,6
DA:39,6
DA:40,6
DA:41,6
DA:42,6
DA:44,6
LF:36
LH:36
BRDA:5,0,0,6
BRDA:36,1,0,24
BRF:2
BRH:2
end_of_record
TN:
SF:src/screens/ResultsScreen.jsx
FN:8,ResultsScreen
FNF:1
FNH:1
FNDA:9,ResultsScreen
DA:1,1
DA:6,1
DA:8,1
DA:9,9
DA:11,9
DA:12,8
DA:13,1
DA:15,9
DA:16,9
DA:17,9
DA:18,9
DA:19,9
DA:20,9
DA:22,9
DA:23,9
DA:24,9
DA:25,27
DA:26,27
DA:27,27
DA:28,27
DA:29,27
DA:30,27
DA:31,27
DA:32,27
DA:33,27
DA:34,9
DA:35,9
DA:38,9
DA:39,9
DA:40,9
DA:41,9
DA:42,9
DA:43,9
DA:45,9
LF:34
LH:34
BRDA:8,0,0,9
BRDA:11,1,0,8
BRDA:12,2,0,1
BRDA:39,3,0,8
BRDA:24,4,0,27
BRDA:27,5,0,0
BRDA:28,6,0,18
BRDA:28,7,0,9
BRDA:28,8,0,9
BRDA:30,9,0,18
BRDA:30,10,0,9
BRDA:31,11,0,18
BRDA:31,12,0,9
BRF:13
BRH:12
end_of_record
TN:
SF:src/utils/gameLogic.js
FN:4,getDifficulty
FN:11,seededShuffle
FN:23,getDailyPuzzles
FN:38,computeShareEmoji
FN:43,formatShareText
FNF:5
FNH:5
FNDA:454,getDifficulty
FNDA:29,seededShuffle
FNDA:7,getDailyPuzzles
FNDA:43,computeShareEmoji
FNDA:12,formatShareText
DA:1,1
DA:2,1
DA:4,1
DA:5,454
DA:6,454
DA:7,152
DA:8,152
DA:10,1
DA:11,1
DA:12,29
DA:13,29
DA:14,29
DA:15,29
DA:16,193
DA:17,193
DA:18,193
DA:19,193
DA:20,29
DA:21,29
DA:23,1
DA:24,7
DA:25,7
DA:26,7
DA:27,7
DA:29,7
DA:30,7
DA:31,7
DA:33,7
DA:34,7
DA:36,1
DA:37,1
DA:38,1
DA:39,43
DA:40,43
DA:41,43
DA:43,1
DA:44,12
DA:45,12
DA:46,12
DA:47,12
DA:48,12
DA:49,12
LF:42
LH:42
BRDA:4,0,0,454
BRDA:5,1,0,152
BRDA:5,2,0,302
BRDA:6,3,0,150
BRDA:6,4,0,152
BRDA:11,5,0,29
BRDA:15,6,0,193
BRDA:23,7,0,7
BRDA:29,8,0,147
BRDA:30,9,0,147
BRDA:31,10,0,147
BRDA:38,11,0,43
BRDA:40,12,0,29
BRDA:40,13,0,14
BRDA:43,14,0,12
BRDA:46,15,0,36
BRF:16
BRH:16
end_of_record
TN:
SF:src/utils/storage.js
FN:3,today
FN:9,loadDailyProgress
FN:21,saveDailyProgress
FN:29,clearDailyProgress
FNF:4
FNH:4
FNDA:48,today
FNDA:23,loadDailyProgress
FNDA:46,saveDailyProgress
FNDA:3,clearDailyProgress
DA:1,1
DA:3,48
DA:4,48
DA:5,48
DA:7,1
DA:9,1
DA:10,23
DA:11,23
DA:12,23
DA:13,3
DA:14,6
DA:15,1
DA:16,6
DA:17,2
DA:18,2
DA:19,23
DA:21,1
DA:22,46
DA:23,46
DA:24,46
DA:25,1
DA:26,1
DA:27,46
DA:29,1
DA:30,3
DA:31,3
DA:32,3
DA:33,1
DA:34,1
DA:35,3
LF:30
LH:30
BRDA:3,0,0,48
BRDA:9,1,0,23
BRDA:12,2,0,19
BRDA:12,3,0,6
BRDA:12,4,0,3
BRDA:14,5,0,1
BRDA:16,6,0,2
BRDA:21,7,0,46
BRDA:24,8,0,1
BRDA:29,9,0,3
BRDA:32,10,0,1
BRF:11
BRH:11
end_of_record
