TN:
SF:src/index.js
FN:25,getFullYear
FN:25,getMonth
FN:25,getDate
FNF:3
FNH:3
FNDA:4,getFullYear
FNDA:4,getMonth
FNDA:4,getDate
DA:1,1
DA:2,1
DA:3,1
DA:4,1
DA:5,1
DA:6,1
DA:7,1
DA:8,1
DA:9,1
DA:10,1
DA:11,1
DA:12,1
DA:13,1
DA:14,1
DA:15,1
DA:16,1
DA:17,1
DA:18,6
DA:19,6
DA:20,6
DA:21,6
DA:22,6
DA:23,6
DA:24,4
DA:25,4
DA:26,6
DA:27,2
DA:28,2
DA:29,6
DA:30,6
DA:31,6
DA:32,6
DA:33,1
DA:34,1
DA:35,1
DA:36,1
DA:37,2
DA:38,2
DA:39,1
DA:40,1
DA:41,1
LF:41
LH:41
BRDA:14,0,0,1
BRDA:17,1,0,6
BRDA:23,2,0,4
BRDA:23,3,0,4
BRDA:26,4,0,2
BRDA:25,5,0,4
BRDA:25,6,0,4
BRDA:25,7,0,4
BRDA:36,8,0,2
BRF:9
BRH:9
end_of_record
TN:
SF:src/server.js
FN:1,(empty-report)
FNF:1
FNH:0
FNDA:0,(empty-report)
DA:1,0
DA:2,0
DA:3,0
DA:4,0
DA:5,0
DA:6,0
DA:7,0
LF:7
LH:0
BRDA:1,0,0,0
BRF:1
BRH:0
end_of_record
TN:
SF:src/db/seed.js
FN:1,(empty-report)
FNF:1
FNH:0
FNDA:0,(empty-report)
DA:1,0
DA:2,0
DA:3,0
DA:4,0
DA:5,0
DA:6,0
DA:7,0
DA:8,0
DA:9,0
DA:10,0
DA:11,0
DA:12,0
DA:13,0
DA:14,0
DA:15,0
DA:16,0
DA:17,0
DA:18,0
DA:19,0
DA:20,0
DA:21,0
DA:22,0
DA:23,0
DA:24,0
DA:25,0
DA:26,0
DA:27,0
DA:28,0
DA:29,0
DA:30,0
DA:31,0
DA:32,0
DA:33,0
DA:34,0
DA:35,0
DA:36,0
DA:37,0
DA:38,0
DA:39,0
DA:40,0
DA:41,0
DA:42,0
DA:43,0
DA:44,0
DA:45,0
DA:46,0
DA:47,0
DA:48,0
DA:49,0
DA:50,0
DA:51,0
DA:52,0
DA:53,0
DA:54,0
DA:55,0
DA:56,0
DA:57,0
DA:58,0
DA:59,0
DA:60,0
DA:61,0
DA:62,0
DA:63,0
DA:64,0
DA:65,0
DA:66,0
DA:67,0
DA:68,0
DA:69,0
DA:70,0
DA:71,0
DA:72,0
DA:73,0
DA:74,0
DA:75,0
DA:76,0
DA:77,0
DA:78,0
DA:79,0
DA:80,0
DA:81,0
DA:82,0
DA:83,0
DA:84,0
DA:85,0
DA:86,0
DA:87,0
DA:88,0
DA:89,0
DA:90,0
DA:91,0
DA:92,0
DA:93,0
DA:94,0
DA:95,0
DA:96,0
DA:97,0
DA:98,0
DA:99,0
DA:100,0
DA:101,0
DA:102,0
DA:103,0
DA:104,0
DA:105,0
DA:106,0
DA:107,0
DA:108,0
DA:109,0
DA:110,0
DA:111,0
DA:112,0
DA:113,0
DA:114,0
DA:115,0
DA:116,0
DA:117,0
DA:118,0
DA:119,0
DA:120,0
LF:120
LH:0
BRDA:1,0,0,0
BRF:1
BRH:0
end_of_record
TN:
SF:src/lib/dailyPuzzles.js
FN:3,seededShuffle
FN:15,getDifficulty
FN:21,getDailyPuzzles
FNF:3
FNH:3
FNDA:42,seededShuffle
FNDA:498,getDifficulty
FNDA:14,getDailyPuzzles
DA:1,1
DA:3,42
DA:4,42
DA:5,42
DA:6,42
DA:7,42
DA:8,166
DA:9,166
DA:10,166
DA:11,166
DA:12,42
DA:13,42
DA:15,498
DA:16,498
DA:17,498
DA:18,150
DA:19,150
DA:21,1
DA:22,14
DA:23,14
DA:24,14
DA:25,14
DA:27,14
DA:28,14
DA:29,14
DA:31,14
DA:32,14
LF:27
LH:27
BRDA:3,0,0,42
BRDA:7,1,0,166
BRDA:15,2,0,498
BRDA:16,3,0,174
BRDA:16,4,0,324
BRDA:17,5,0,390
BRDA:17,6,0,174
BRDA:17,7,0,150
BRDA:21,8,0,14
BRDA:27,9,0,166
BRDA:28,10,0,166
BRDA:29,11,0,166
BRF:12
BRH:12
end_of_record
